<?xml version="1.0" encoding="UTF-8"?>
<!-- Generated by org.testng.reporters.JUnitReportReporter -->
<testsuite skipped="0" hostname="Riyaans-MacBook-Air.local" name="com.appium.attributes.GesturePress" tests="1" failures="0" timestamp="2021-12-07T10:22:33 IST" time="16.936" errors="0">
  <testcase name="test1" time="16.936" classname="com.appium.attributes.GesturePress"/>
  <system-out/>
</testsuite> <!-- com.appium.attributes.GesturePress -->
