<?xml version="1.0" encoding="UTF-8"?>
<!-- Generated by org.testng.reporters.JUnitReportReporter -->
<testsuite skipped="0" hostname="Riyaans-MacBook-Air.local" name="AppiumCommandsDemo.AppiumCommnadsDemo" tests="1" failures="0" timestamp="2022-02-09T23:12:30 IST" time="32.957" errors="0">
  <testcase name="test1" time="32.957" classname="AppiumCommandsDemo.AppiumCommnadsDemo"/>
  <system-out/>
</testsuite> <!-- AppiumCommandsDemo.AppiumCommnadsDemo -->
