<?xml version="1.0" encoding="UTF-8"?>
<!-- Generated by org.testng.reporters.JUnitReportReporter -->
<testsuite skipped="0" hostname="Riyaans-MacBook-Air.local" name="com.appium.attributes.GetAttributes" tests="1" failures="0" timestamp="2021-12-07T09:11:43 IST" time="11.328" errors="0">
  <testcase name="test1" time="11.328" classname="com.appium.attributes.GetAttributes"/>
  <system-out/>
</testsuite> <!-- com.appium.attributes.GetAttributes -->
