<?xml version="1.0" encoding="UTF-8"?>
<!-- Generated by org.testng.reporters.JUnitReportReporter -->
<testsuite skipped="0" hostname="Riyaans-MacBook-Air.local" name="com.appium.attributes.GestureSwipe" tests="1" failures="0" timestamp="2021-12-07T10:52:29 IST" time="21.483" errors="0">
  <testcase name="test1" time="21.483" classname="com.appium.attributes.GestureSwipe"/>
  <system-out/>
</testsuite> <!-- com.appium.attributes.GestureSwipe -->
