<?xml version="1.0" encoding="UTF-8"?>
<!-- Generated by org.testng.reporters.JUnitReportReporter -->
<testsuite skipped="0" hostname="Riyaans-MacBook-Air.local" name="AppiumCommandsDemo.AppiumCommnadsDemo" tests="1" failures="0" timestamp="2021-12-08T09:21:30 IST" time="26.972" errors="0">
  <testcase name="test1" time="26.972" classname="AppiumCommandsDemo.AppiumCommnadsDemo"/>
  <system-out/>
</testsuite> <!-- AppiumCommandsDemo.AppiumCommnadsDemo -->
