<?xml version="1.0" encoding="UTF-8"?>
<!-- Generated by org.testng.reporters.JUnitReportReporter -->
<testsuite skipped="0" hostname="Riyaans-MacBook-Air.local" name="AppiumLockUnlock.LockUnlock" tests="1" failures="0" timestamp="2021-12-07T22:44:04 IST" time="23.815" errors="0">
  <testcase name="test1" time="23.815" classname="AppiumLockUnlock.LockUnlock"/>
  <system-out/>
</testsuite> <!-- AppiumLockUnlock.LockUnlock -->
