<?xml version="1.0" encoding="UTF-8"?>
<!-- Generated by org.testng.reporters.JUnitReportReporter -->
<testsuite skipped="0" hostname="Riyaans-MacBook-Air.local" name="com.appium.attributes.GestureActionTap" tests="1" failures="0" timestamp="2021-12-07T09:35:06 IST" time="13.165" errors="0">
  <testcase name="test1" time="13.165" classname="com.appium.attributes.GestureActionTap"/>
  <system-out/>
</testsuite> <!-- com.appium.attributes.GestureActionTap -->
